<?xml version="1.0" encoding="UTF-8"?>
<!-- Generated by org.testng.reporters.JUnitReportReporter -->
<testsuite skipped="0" hostname="it3234-shivam-p" name="com.testing.testcases.TestCase1" tests="1" failures="0" timestamp="2020-03-04T10:51:07 IST" time="5.302" errors="0">
  <testcase name="searchInstawork" time="5.302" classname="com.testing.testcases.TestCase1"/>
  <system-out/>
</testsuite> <!-- com.testing.testcases.TestCase1 -->
